<?xml version="1.0" encoding="UTF-8"?>
<testng-results ignored="0" total="1" passed="1" failed="0" skipped="0">
  <reporter-output>
  </reporter-output>
  <suite started-at="2020-05-24T14:00:29 IST" name="Surefire suite" finished-at="2020-05-24T14:00:30 IST" duration-ms="236">
    <groups>
    </groups>
    <test started-at="2020-05-24T14:00:29 IST" name="Surefire test" finished-at="2020-05-24T14:00:30 IST" duration-ms="236">
      <class name="com.example.AppTest">
        <test-method signature="shouldAnswerWithTrue()" started-at="2020-05-24T14:00:30 IST" name="shouldAnswerWithTrue" finished-at="2020-05-24T14:00:30 IST" duration-ms="25" status="PASS">
          <reporter-output>
          </reporter-output>
        </test-method> <!-- shouldAnswerWithTrue -->
      </class> <!-- com.example.AppTest -->
    </test> <!-- Surefire test -->
  </suite> <!-- Surefire suite -->
</testng-results>
